#
# There is insufficient memory for the Java Runtime Environment to continue.
# Native memory allocation (malloc) failed to allocate 1954576 bytes for Chunk::new
# Possible reasons:
#   The system is out of physical RAM or swap space
#   The process is running with CompressedOops enabled, and the Java Heap may be blocking the growth of the native heap
# Possible solutions:
#   Reduce memory load on the system
#   Increase physical memory or swap space
#   Check if swap backing store is full
#   Decrease Java heap size (-Xmx/-Xms)
#   Decrease number of Java threads
#   Decrease Java thread stack sizes (-Xss)
#   Set larger code cache with -XX:ReservedCodeCacheSize=
#   JVM is running with Unscaled Compressed Oops mode in which the Java heap is
#     placed in the first 4GB address space. The Java Heap base address is the
#     maximum limit for the native heap growth. Please use -XX:HeapBaseMinAddress
#     to set the Java Heap base and to place the Java Heap above 4GB virtual address.
# This output file may be truncated or incomplete.
#
#  Out of Memory Error (./src/hotspot/share/memory/arena.cpp:197), pid=18852, tid=18664
#
# JRE version: OpenJDK Runtime Environment (11.0.8+10) (build 11.0.8+10-b944.6842174)
# Java VM: OpenJDK 64-Bit Server VM (11.0.8+10-b944.6842174, mixed mode, tiered, compressed oops, g1 gc, windows-amd64)
# No core dump will be written. Minidumps are not enabled by default on client versions of Windows
#

---------------  S U M M A R Y ------------

Command Line: --add-opens=java.base/java.util=ALL-UNNAMED --add-opens=java.base/java.lang=ALL-UNNAMED --add-opens=java.base/java.lang.invoke=ALL-UNNAMED --add-opens=java.prefs/java.util.prefs=ALL-UNNAMED -Xmx2048m -Dfile.encoding=windows-1252 -Duser.country=IE -Duser.language=en -Duser.variant org.gradle.launcher.daemon.bootstrap.GradleDaemon 6.7.1

Host: Intel(R) Core(TM) i5-8300H CPU @ 2.30GHz, 8 cores, 7G,  Windows 10 , 64 bit Build 19041 (10.0.19041.1151)
Time: Sun Sep 12 11:51:03 2021 GMT Summer Time elapsed time: 124 seconds (0d 0h 2m 4s)

---------------  T H R E A D  ---------------

Current thread (0x00000174de5ba000):  JavaThread "C2 CompilerThread0" daemon [_thread_in_native, id=18664, stack(0x000000487a400000,0x000000487a500000)]


Current CompileTask:
C2: 124774 10404   !   4       java.nio.file.FileTreeWalker::next (144 bytes)

Stack: [0x000000487a400000,0x000000487a500000]
Native frames: (J=compiled Java code, j=interpreted, Vv=VM code, C=native code)
V  [jvm.dll+0x5de50a]
V  [jvm.dll+0x7122f5]
V  [jvm.dll+0x71384d]
V  [jvm.dll+0x713f03]
V  [jvm.dll+0x23e728]
V  [jvm.dll+0xb899c]
V  [jvm.dll+0xb8e9c]
V  [jvm.dll+0x35024d]
V  [jvm.dll+0x31dea3]
V  [jvm.dll+0x31d39a]
V  [jvm.dll+0x1f7702]
V  [jvm.dll+0x1f68d4]
V  [jvm.dll+0x17f32c]
V  [jvm.dll+0x205047]
V  [jvm.dll+0x203891]
V  [jvm.dll+0x6dad3f]
V  [jvm.dll+0x6d3895]
V  [jvm.dll+0x5dd4a6]
C  [ucrtbase.dll+0x21bb2]
C  [KERNEL32.DLL+0x17034]
C  [ntdll.dll+0x52651]


---------------  P R O C E S S  ---------------

Threads class SMR info:
_java_thread_list=0x00000174e4e010d0, length=64, elements={
0x00000174c175a000, 0x00000174ddc3a800, 0x00000174ddc43800, 0x00000174de5b4800,
0x00000174de5b7000, 0x00000174de5ba000, 0x00000174de5be000, 0x00000174de5c3800,
0x00000174de71b000, 0x00000174de724000, 0x00000174dff78000, 0x00000174dff64000,
0x00000174e0619800, 0x00000174e0633800, 0x00000174e00c0000, 0x00000174e012f800,
0x00000174e010d800, 0x00000174e010a800, 0x00000174e00fa000, 0x00000174e00fb800,
0x00000174e00fd000, 0x00000174e0100800, 0x00000174e00fa800, 0x00000174e00fc800,
0x00000174e00ff800, 0x00000174e00fe000, 0x00000174e00ff000, 0x00000174e2a6a000,
0x00000174e2a6c800, 0x00000174e2a6e000, 0x00000174e2a6d000, 0x00000174e2a68800,
0x00000174e2a6b800, 0x00000174e2a72000, 0x00000174e2a73000, 0x00000174e2a70800,
0x00000174e2a73800, 0x00000174df3f7800, 0x00000174df3f4000, 0x00000174df3f1800,
0x00000174df3f8000, 0x00000174df3f2800, 0x00000174df3f3000, 0x00000174e40f5000,
0x00000174e40fb000, 0x00000174e40f9800, 0x00000174e40fa000, 0x00000174e40fc000,
0x00000174e40f7000, 0x00000174e40f7800, 0x00000174e40fc800, 0x00000174df3ec800,
0x00000174df3ee800, 0x00000174df3ec000, 0x00000174df3ed800, 0x00000174df3e9800,
0x00000174df3ea800, 0x00000174df3ef000, 0x00000174df3eb000, 0x00000174df3f5000,
0x00000174df3f5800, 0x00000174df3f0000, 0x00000174df3f6800, 0x00000174df3f1000
}

Java Threads: ( => current thread )
  0x00000174c175a000 JavaThread "main" [_thread_blocked, id=23376, stack(0x0000004879900000,0x0000004879a00000)]
  0x00000174ddc3a800 JavaThread "Reference Handler" daemon [_thread_blocked, id=12368, stack(0x000000487a000000,0x000000487a100000)]
  0x00000174ddc43800 JavaThread "Finalizer" daemon [_thread_blocked, id=20728, stack(0x000000487a100000,0x000000487a200000)]
  0x00000174de5b4800 JavaThread "Signal Dispatcher" daemon [_thread_blocked, id=20484, stack(0x000000487a200000,0x000000487a300000)]
  0x00000174de5b7000 JavaThread "Attach Listener" daemon [_thread_blocked, id=14372, stack(0x000000487a300000,0x000000487a400000)]
=>0x00000174de5ba000 JavaThread "C2 CompilerThread0" daemon [_thread_in_native, id=18664, stack(0x000000487a400000,0x000000487a500000)]
  0x00000174de5be000 JavaThread "C1 CompilerThread0" daemon [_thread_in_native, id=20532, stack(0x000000487a500000,0x000000487a600000)]
  0x00000174de5c3800 JavaThread "Sweeper thread" daemon [_thread_blocked, id=20776, stack(0x000000487a600000,0x000000487a700000)]
  0x00000174de71b000 JavaThread "Common-Cleaner" daemon [_thread_blocked, id=6656, stack(0x000000487a700000,0x000000487a800000)]
  0x00000174de724000 JavaThread "Service Thread" daemon [_thread_blocked, id=15916, stack(0x000000487a800000,0x000000487a900000)]
  0x00000174dff78000 JavaThread "Daemon health stats" [_thread_blocked, id=24544, stack(0x000000487ac00000,0x000000487ad00000)]
  0x00000174dff64000 JavaThread "Incoming local TCP Connector on port 63892" [_thread_in_native, id=3256, stack(0x000000487af00000,0x000000487b000000)]
  0x00000174e0619800 JavaThread "Daemon periodic checks" [_thread_blocked, id=10436, stack(0x000000487b000000,0x000000487b100000)]
  0x00000174e0633800 JavaThread "Daemon" [_thread_blocked, id=14012, stack(0x000000487b100000,0x000000487b200000)]
  0x00000174e00c0000 JavaThread "Handler for socket connection from /127.0.0.1:63892 to /127.0.0.1:63893" [_thread_in_native, id=20864, stack(0x000000487b200000,0x000000487b300000)]
  0x00000174e012f800 JavaThread "Cancel handler" [_thread_blocked, id=952, stack(0x000000487b300000,0x000000487b400000)]
  0x00000174e010d800 JavaThread "Daemon worker" [_thread_blocked, id=22760, stack(0x000000487b400000,0x000000487b500000)]
  0x00000174e010a800 JavaThread "Asynchronous log dispatcher for DefaultDaemonConnection: socket connection from /127.0.0.1:63892 to /127.0.0.1:63893" [_thread_blocked, id=23032, stack(0x000000487b500000,0x000000487b600000)]
  0x00000174e00fa000 JavaThread "Thread-8" [_thread_blocked, id=22644, stack(0x000000487b700000,0x000000487b800000)]
  0x00000174e00fb800 JavaThread "Cache worker for file hash cache (C:\Users\danie\.gradle\caches\6.7.1\fileHashes)" [_thread_blocked, id=1456, stack(0x000000487bd00000,0x000000487be00000)]
  0x00000174e00fd000 JavaThread "File lock request listener" [_thread_in_native, id=18324, stack(0x000000487be00000,0x000000487bf00000)]
  0x00000174e0100800 JavaThread "Cache worker for journal cache (C:\Users\danie\.gradle\caches\journal-1)" [_thread_blocked, id=24564, stack(0x000000487c000000,0x000000487c100000)]
  0x00000174e00fa800 JavaThread "Cache worker for file hash cache (C:\Users\danie\BasicShapesOfGeometry\.gradle\6.7.1\fileHashes)" [_thread_blocked, id=6716, stack(0x000000487c100000,0x000000487c200000)]
  0x00000174e00fc800 JavaThread "Cache worker for checksums cache (C:\Users\danie\BasicShapesOfGeometry\.gradle\checksums)" [_thread_blocked, id=19032, stack(0x000000487c200000,0x000000487c300000)]
  0x00000174e00ff800 JavaThread "Cache worker for cache directory md-supplier (C:\Users\danie\.gradle\caches\6.7.1\md-supplier)" [_thread_blocked, id=2204, stack(0x000000487c300000,0x000000487c400000)]
  0x00000174e00fe000 JavaThread "Cache worker for cache directory md-rule (C:\Users\danie\.gradle\caches\6.7.1\md-rule)" [_thread_blocked, id=22224, stack(0x000000487c400000,0x000000487c500000)]
  0x00000174e00ff000 JavaThread "Cache worker for execution history cache (C:\Users\danie\.gradle\caches\6.7.1\executionHistory)" [_thread_blocked, id=7208, stack(0x000000487c500000,0x000000487c600000)]
  0x00000174e2a6a000 JavaThread "Cache worker for file content cache (C:\Users\danie\.gradle\caches\6.7.1\fileContent)" [_thread_blocked, id=10288, stack(0x000000487c700000,0x000000487c800000)]
  0x00000174e2a6c800 JavaThread "Cache worker for Build Output Cleanup Cache (C:\Users\danie\BasicShapesOfGeometry\.gradle\buildOutputCleanup)" [_thread_blocked, id=22764, stack(0x000000487c800000,0x000000487c900000)]
  0x00000174e2a6e000 JavaThread "Build operations" [_thread_blocked, id=12384, stack(0x000000487c900000,0x000000487ca00000)]
  0x00000174e2a6d000 JavaThread "Build operations Thread 2" [_thread_blocked, id=23548, stack(0x000000487ca00000,0x000000487cb00000)]
  0x00000174e2a68800 JavaThread "Build operations Thread 3" [_thread_blocked, id=14424, stack(0x000000487cb00000,0x000000487cc00000)]
  0x00000174e2a6b800 JavaThread "Build operations Thread 4" [_thread_blocked, id=12592, stack(0x000000487cc00000,0x000000487cd00000)]
  0x00000174e2a72000 JavaThread "Build operations Thread 5" [_thread_blocked, id=2596, stack(0x000000487cd00000,0x000000487ce00000)]
  0x00000174e2a73000 JavaThread "Build operations Thread 6" [_thread_blocked, id=13236, stack(0x000000487ce00000,0x000000487cf00000)]
  0x00000174e2a70800 JavaThread "Build operations Thread 7" [_thread_blocked, id=24092, stack(0x000000487cf00000,0x000000487d000000)]
  0x00000174e2a73800 JavaThread "Build operations Thread 8" [_thread_blocked, id=14132, stack(0x000000487d000000,0x000000487d100000)]
  0x00000174df3f7800 JavaThread "Memory manager" [_thread_blocked, id=8316, stack(0x0000004803100000,0x0000004803200000)]
  0x00000174df3f4000 JavaThread "build event listener" [_thread_blocked, id=9204, stack(0x0000004803200000,0x0000004803300000)]
  0x00000174df3f1800 JavaThread "build event listener" [_thread_blocked, id=13416, stack(0x0000004803300000,0x0000004803400000)]
  0x00000174df3f8000 JavaThread "Execution worker for ':'" [_thread_blocked, id=14160, stack(0x0000004803400000,0x0000004803500000)]
  0x00000174df3f2800 JavaThread "Execution worker for ':' Thread 2" [_thread_blocked, id=13996, stack(0x0000004803500000,0x0000004803600000)]
  0x00000174df3f3000 JavaThread "Execution worker for ':' Thread 3" [_thread_blocked, id=21048, stack(0x0000004803600000,0x0000004803700000)]
  0x00000174e40f5000 JavaThread "Execution worker for ':' Thread 4" [_thread_blocked, id=12812, stack(0x0000004803700000,0x0000004803800000)]
  0x00000174e40fb000 JavaThread "Execution worker for ':' Thread 5" [_thread_blocked, id=11508, stack(0x0000004803800000,0x0000004803900000)]
  0x00000174e40f9800 JavaThread "Execution worker for ':' Thread 6" [_thread_blocked, id=15620, stack(0x0000004803900000,0x0000004803a00000)]
  0x00000174e40fa000 JavaThread "Execution worker for ':' Thread 7" [_thread_blocked, id=21228, stack(0x0000004803a00000,0x0000004803b00000)]
  0x00000174e40fc000 JavaThread "Cache worker for execution history cache (C:\Users\danie\BasicShapesOfGeometry\.gradle\6.7.1\executionHistory)" [_thread_blocked, id=17196, stack(0x0000004803b00000,0x0000004803c00000)]
  0x00000174e40f7000 JavaThread "WorkerExecutor Queue Thread 2" [_thread_blocked, id=8584, stack(0x0000004803f00000,0x0000004804000000)]
  0x00000174e40f7800 JavaThread "WorkerExecutor Queue Thread 3" [_thread_blocked, id=17920, stack(0x0000004804000000,0x0000004804100000)]
  0x00000174e40fc800 JavaThread "WorkerExecutor Queue Thread 4" [_thread_blocked, id=7340, stack(0x0000004804100000,0x0000004804200000)]
  0x00000174df3ec800 JavaThread "WorkerExecutor Queue Thread 5" [_thread_blocked, id=14820, stack(0x0000004800000000,0x0000004800100000)]
  0x00000174df3ee800 JavaThread "WorkerExecutor Queue Thread 6" [_thread_blocked, id=17708, stack(0x0000004800100000,0x0000004800200000)]
  0x00000174df3ec000 JavaThread "WorkerExecutor Queue Thread 7" [_thread_blocked, id=7068, stack(0x0000004800200000,0x0000004800300000)]
  0x00000174df3ed800 JavaThread "WorkerExecutor Queue Thread 8" [_thread_blocked, id=12044, stack(0x0000004800300000,0x0000004800400000)]
  0x00000174df3e9800 JavaThread "WorkerExecutor Queue Thread 9" [_thread_blocked, id=8800, stack(0x0000004800400000,0x0000004800500000)]
  0x00000174df3ea800 JavaThread "ForkJoinPool-1-worker-3" daemon [_thread_blocked, id=8488, stack(0x0000004800500000,0x0000004800600000)]
  0x00000174df3ef000 JavaThread "ForkJoinPool-1-worker-5" daemon [_thread_blocked, id=17184, stack(0x0000004800600000,0x0000004800700000)]
  0x00000174df3eb000 JavaThread "ForkJoinPool-1-worker-7" daemon [_thread_in_vm, id=16016, stack(0x0000004800700000,0x0000004800800000)]
  0x00000174df3f5000 JavaThread "ForkJoinPool-1-worker-9" daemon [_thread_blocked, id=5052, stack(0x0000004800800000,0x0000004800900000)]
  0x00000174df3f5800 JavaThread "ForkJoinPool-1-worker-11" daemon [_thread_in_vm, id=20468, stack(0x0000004800900000,0x0000004800a00000)]
  0x00000174df3f0000 JavaThread "ForkJoinPool-1-worker-13" daemon [_thread_in_vm, id=22260, stack(0x0000004800a00000,0x0000004800b00000)]
  0x00000174df3f6800 JavaThread "ForkJoinPool-1-worker-15" daemon [_thread_blocked, id=13696, stack(0x0000004800b00000,0x0000004800c00000)]
  0x00000174df3f1000 JavaThread "ForkJoinPool-1-worker-1" daemon [_thread_blocked, id=2188, stack(0x0000004800c00000,0x0000004800d00000)]

Other Threads:
  0x00000174ddc35800 VMThread "VM Thread" [stack: 0x0000004879f00000,0x000000487a000000] [id=10744]
  0x00000174de724800 WatcherThread [stack: 0x000000487a900000,0x000000487aa00000] [id=14376]
  0x00000174c3938800 GCTaskThread "GC Thread#0" [stack: 0x0000004879a00000,0x0000004879b00000] [id=24476]
  0x00000174df24c800 GCTaskThread "GC Thread#1" [stack: 0x000000487aa00000,0x000000487ab00000] [id=6676]
  0x00000174df26d000 GCTaskThread "GC Thread#2" [stack: 0x000000487ab00000,0x000000487ac00000] [id=22568]
  0x00000174e0547000 GCTaskThread "GC Thread#3" [stack: 0x000000487b800000,0x000000487b900000] [id=2244]
  0x00000174e0444000 GCTaskThread "GC Thread#4" [stack: 0x000000487b900000,0x000000487ba00000] [id=23184]
  0x00000174e062c000 GCTaskThread "GC Thread#5" [stack: 0x000000487ba00000,0x000000487bb00000] [id=12108]
  0x00000174e051a800 GCTaskThread "GC Thread#6" [stack: 0x000000487bb00000,0x000000487bc00000] [id=22196]
  0x00000174e051b000 GCTaskThread "GC Thread#7" [stack: 0x000000487bc00000,0x000000487bd00000] [id=17756]
  0x00000174c396b800 ConcurrentGCThread "G1 Main Marker" [stack: 0x0000004879b00000,0x0000004879c00000] [id=11032]
  0x00000174c396e800 ConcurrentGCThread "G1 Conc#0" [stack: 0x0000004879c00000,0x0000004879d00000] [id=8552]
  0x00000174e03bc800 ConcurrentGCThread "G1 Conc#1" [stack: 0x000000487bf00000,0x000000487c000000] [id=17188]
  0x00000174c39fe000 ConcurrentGCThread "G1 Refine#0" [stack: 0x0000004879d00000,0x0000004879e00000] [id=13356]
  0x00000174e6929000 ConcurrentGCThread "G1 Refine#1" [stack: 0x0000004803c00000,0x0000004803d00000] [id=6292]
  0x00000174e46f9000 ConcurrentGCThread "G1 Refine#2" [stack: 0x0000004803d00000,0x0000004803e00000] [id=8312]
  0x00000174dda82800 ConcurrentGCThread "G1 Young RemSet Sampling" [stack: 0x0000004879e00000,0x0000004879f00000] [id=3504]

Threads with active compile tasks:
C2 CompilerThread0 144500 10404   !   4       java.nio.file.FileTreeWalker::next (144 bytes)
C1 CompilerThread0 144500 10649       2       com.android.tools.r8.code.x1::a (4137 bytes)

VM state:synchronizing (normal execution)

VM Mutex/Monitor currently owned by a thread:  ([mutex/lock_event])
[0x00000174c39223c0] Threads_lock - owner thread: 0x00000174ddc35800

Heap address: 0x0000000080000000, size: 2048 MB, Compressed Oops mode: 32-bit
Narrow klass base: 0x0000000000000000, Narrow klass shift: 3
Compressed class space size: 1073741824 Address: 0x0000000100000000

Heap:
 garbage-first heap   total 129024K, used 101923K [0x0000000080000000, 0x0000000100000000)
  region size 1024K, 3 young (3072K), 1 survivors (1024K)
 Metaspace       used 88387K, capacity 90568K, committed 90828K, reserved 1128448K
  class space    used 11505K, capacity 12247K, committed 12288K, reserved 1048576K
Heap Regions: E=young(eden), S=young(survivor), O=old, HS=humongous(starts), HC=humongous(continues), CS=collection set, F=free, A=archive, TAMS=top-at-mark-start (previous, next)
|   0|0x0000000080000000, 0x0000000080100000, 0x0000000080100000|100%| O|  |TAMS 0x0000000080100000, 0x0000000080000000| Untracked 
|   1|0x0000000080100000, 0x0000000080200000, 0x0000000080200000|100%| O|  |TAMS 0x0000000080200000, 0x0000000080100000| Untracked 
|   2|0x0000000080200000, 0x0000000080300000, 0x0000000080300000|100%| O|  |TAMS 0x0000000080300000, 0x0000000080200000| Untracked 
|   3|0x0000000080300000, 0x0000000080400000, 0x0000000080400000|100%|HS|  |TAMS 0x0000000080400000, 0x0000000080300000| Complete 
|   4|0x0000000080400000, 0x0000000080500000, 0x0000000080500000|100%|HC|  |TAMS 0x0000000080500000, 0x0000000080400000| Complete 
|   5|0x0000000080500000, 0x0000000080600000, 0x0000000080600000|100%|HC|  |TAMS 0x0000000080600000, 0x0000000080500000| Complete 
|   6|0x0000000080600000, 0x0000000080700000, 0x0000000080700000|100%| O|  |TAMS 0x0000000080700000, 0x0000000080600000| Untracked 
|   7|0x0000000080700000, 0x0000000080800000, 0x0000000080800000|100%| O|  |TAMS 0x0000000080800000, 0x0000000080700000| Untracked 
|   8|0x0000000080800000, 0x0000000080900000, 0x0000000080900000|100%| O|  |TAMS 0x0000000080900000, 0x0000000080800000| Untracked 
|   9|0x0000000080900000, 0x0000000080a00000, 0x0000000080a00000|100%| O|  |TAMS 0x0000000080a00000, 0x0000000080900000| Untracked 
|  10|0x0000000080a00000, 0x0000000080b00000, 0x0000000080b00000|100%| O|  |TAMS 0x0000000080b00000, 0x0000000080a00000| Untracked 
|  11|0x0000000080b00000, 0x0000000080c00000, 0x0000000080c00000|100%| O|  |TAMS 0x0000000080c00000, 0x0000000080b00000| Untracked 
|  12|0x0000000080c00000, 0x0000000080d00000, 0x0000000080d00000|100%| O|  |TAMS 0x0000000080d00000, 0x0000000080c00000| Untracked 
|  13|0x0000000080d00000, 0x0000000080e00000, 0x0000000080e00000|100%| O|  |TAMS 0x0000000080e00000, 0x0000000080d00000| Untracked 
|  14|0x0000000080e00000, 0x0000000080f00000, 0x0000000080f00000|100%| O|  |TAMS 0x0000000080f00000, 0x0000000080e00000| Untracked 
|  15|0x0000000080f00000, 0x0000000081000000, 0x0000000081000000|100%| O|  |TAMS 0x0000000081000000, 0x0000000080f00000| Untracked 
|  16|0x0000000081000000, 0x0000000081100000, 0x0000000081100000|100%| O|  |TAMS 0x0000000081100000, 0x0000000081000000| Untracked 
|  17|0x0000000081100000, 0x0000000081200000, 0x0000000081200000|100%| O|  |TAMS 0x0000000081200000, 0x0000000081100000| Untracked 
|  18|0x0000000081200000, 0x0000000081300000, 0x0000000081300000|100%| O|  |TAMS 0x0000000081300000, 0x0000000081200000| Untracked 
|  19|0x0000000081300000, 0x0000000081400000, 0x0000000081400000|100%| O|  |TAMS 0x0000000081400000, 0x0000000081300000| Untracked 
|  20|0x0000000081400000, 0x0000000081500000, 0x0000000081500000|100%| O|  |TAMS 0x0000000081500000, 0x0000000081400000| Untracked 
|  21|0x0000000081500000, 0x0000000081600000, 0x0000000081600000|100%| O|  |TAMS 0x0000000081600000, 0x0000000081500000| Untracked 
|  22|0x0000000081600000, 0x0000000081700000, 0x0000000081700000|100%|HS|  |TAMS 0x0000000081700000, 0x0000000081600000| Complete 
|  23|0x0000000081700000, 0x0000000081800000, 0x0000000081800000|100%|HS|  |TAMS 0x0000000081800000, 0x0000000081700000| Complete 
|  24|0x0000000081800000, 0x0000000081900000, 0x0000000081900000|100%|HC|  |TAMS 0x0000000081900000, 0x0000000081800000| Complete 
|  25|0x0000000081900000, 0x0000000081a00000, 0x0000000081a00000|100%| O|  |TAMS 0x0000000081a00000, 0x0000000081900000| Untracked 
|  26|0x0000000081a00000, 0x0000000081b00000, 0x0000000081b00000|100%| O|  |TAMS 0x0000000081b00000, 0x0000000081a00000| Untracked 
|  27|0x0000000081b00000, 0x0000000081c00000, 0x0000000081c00000|100%| O|  |TAMS 0x0000000081c00000, 0x0000000081b00000| Untracked 
|  28|0x0000000081c00000, 0x0000000081d00000, 0x0000000081d00000|100%| O|  |TAMS 0x0000000081d00000, 0x0000000081c00000| Untracked 
|  29|0x0000000081d00000, 0x0000000081e00000, 0x0000000081e00000|100%| O|  |TAMS 0x0000000081e00000, 0x0000000081d00000| Untracked 
|  30|0x0000000081e00000, 0x0000000081f00000, 0x0000000081f00000|100%| O|  |TAMS 0x0000000081f00000, 0x0000000081e00000| Untracked 
|  31|0x0000000081f00000, 0x0000000082000000, 0x0000000082000000|100%| O|  |TAMS 0x0000000082000000, 0x0000000081f00000| Untracked 
|  32|0x0000000082000000, 0x0000000082100000, 0x0000000082100000|100%| O|  |TAMS 0x0000000082100000, 0x0000000082000000| Untracked 
|  33|0x0000000082100000, 0x0000000082200000, 0x0000000082200000|100%| O|  |TAMS 0x0000000082200000, 0x0000000082100000| Untracked 
|  34|0x0000000082200000, 0x0000000082300000, 0x0000000082300000|100%| O|  |TAMS 0x0000000082300000, 0x0000000082200000| Untracked 
|  35|0x0000000082300000, 0x0000000082400000, 0x0000000082400000|100%| O|  |TAMS 0x0000000082400000, 0x0000000082300000| Untracked 
|  36|0x0000000082400000, 0x0000000082500000, 0x0000000082500000|100%| O|  |TAMS 0x0000000082500000, 0x0000000082400000| Untracked 
|  37|0x0000000082500000, 0x0000000082600000, 0x0000000082600000|100%| O|  |TAMS 0x0000000082600000, 0x0000000082500000| Untracked 
|  38|0x0000000082600000, 0x0000000082700000, 0x0000000082700000|100%| O|  |TAMS 0x0000000082700000, 0x0000000082600000| Untracked 
|  39|0x0000000082700000, 0x0000000082800000, 0x0000000082800000|100%| O|  |TAMS 0x0000000082800000, 0x0000000082700000| Untracked 
|  40|0x0000000082800000, 0x0000000082900000, 0x0000000082900000|100%| O|  |TAMS 0x0000000082900000, 0x0000000082800000| Untracked 
|  41|0x0000000082900000, 0x0000000082a00000, 0x0000000082a00000|100%| O|  |TAMS 0x0000000082a00000, 0x0000000082900000| Untracked 
|  42|0x0000000082a00000, 0x0000000082b00000, 0x0000000082b00000|100%| O|  |TAMS 0x0000000082b00000, 0x0000000082a00000| Untracked 
|  43|0x0000000082b00000, 0x0000000082c00000, 0x0000000082c00000|100%| O|  |TAMS 0x0000000082c00000, 0x0000000082b00000| Untracked 
|  44|0x0000000082c00000, 0x0000000082d00000, 0x0000000082d00000|100%| O|  |TAMS 0x0000000082d00000, 0x0000000082c00000| Untracked 
|  45|0x0000000082d00000, 0x0000000082e00000, 0x0000000082e00000|100%| O|  |TAMS 0x0000000082e00000, 0x0000000082d00000| Untracked 
|  46|0x0000000082e00000, 0x0000000082f00000, 0x0000000082f00000|100%| O|  |TAMS 0x0000000082f00000, 0x0000000082e00000| Untracked 
|  47|0x0000000082f00000, 0x0000000083000000, 0x0000000083000000|100%| O|  |TAMS 0x0000000083000000, 0x0000000082f00000| Untracked 
|  48|0x0000000083000000, 0x0000000083100000, 0x0000000083100000|100%| O|  |TAMS 0x0000000083100000, 0x0000000083000000| Untracked 
|  49|0x0000000083100000, 0x0000000083200000, 0x0000000083200000|100%| O|  |TAMS 0x0000000083200000, 0x0000000083100000| Untracked 
|  50|0x0000000083200000, 0x0000000083300000, 0x0000000083300000|100%| O|  |TAMS 0x0000000083300000, 0x0000000083200000| Untracked 
|  51|0x0000000083300000, 0x0000000083400000, 0x0000000083400000|100%| O|  |TAMS 0x0000000083400000, 0x0000000083300000| Untracked 
|  52|0x0000000083400000, 0x0000000083500000, 0x0000000083500000|100%| O|  |TAMS 0x0000000083500000, 0x0000000083400000| Untracked 
|  53|0x0000000083500000, 0x0000000083500000, 0x0000000083600000|  0%| F|  |TAMS 0x0000000083500000, 0x0000000083500000| Untracked 
|  54|0x0000000083600000, 0x0000000083700000, 0x0000000083700000|100%| O|  |TAMS 0x0000000083700000, 0x0000000083600000| Untracked 
|  55|0x0000000083700000, 0x0000000083800000, 0x0000000083800000|100%| O|  |TAMS 0x0000000083800000, 0x0000000083700000| Untracked 
|  56|0x0000000083800000, 0x0000000083900000, 0x0000000083900000|100%| O|  |TAMS 0x0000000083900000, 0x0000000083800000| Untracked 
|  57|0x0000000083900000, 0x0000000083a00000, 0x0000000083a00000|100%| O|  |TAMS 0x0000000083a00000, 0x0000000083900000| Untracked 
|  58|0x0000000083a00000, 0x0000000083b00000, 0x0000000083b00000|100%| O|  |TAMS 0x0000000083b00000, 0x0000000083a00000| Untracked 
|  59|0x0000000083b00000, 0x0000000083c00000, 0x0000000083c00000|100%| O|  |TAMS 0x0000000083c00000, 0x0000000083b00000| Untracked 
|  60|0x0000000083c00000, 0x0000000083d00000, 0x0000000083d00000|100%|HS|  |TAMS 0x0000000083d00000, 0x0000000083c00000| Complete 
|  61|0x0000000083d00000, 0x0000000083e00000, 0x0000000083e00000|100%|HS|  |TAMS 0x0000000083e00000, 0x0000000083d00000| Complete 
|  62|0x0000000083e00000, 0x0000000083f00000, 0x0000000083f00000|100%| O|  |TAMS 0x0000000083f00000, 0x0000000083e00000| Untracked 
|  63|0x0000000083f00000, 0x0000000084000000, 0x0000000084000000|100%| O|  |TAMS 0x0000000084000000, 0x0000000083f00000| Untracked 
|  64|0x0000000084000000, 0x0000000084100000, 0x0000000084100000|100%| O|  |TAMS 0x0000000084100000, 0x0000000084000000| Untracked 
|  65|0x0000000084100000, 0x0000000084200000, 0x0000000084200000|100%| O|  |TAMS 0x0000000084200000, 0x0000000084100000| Untracked 
|  66|0x0000000084200000, 0x0000000084300000, 0x0000000084300000|100%| O|  |TAMS 0x0000000084300000, 0x0000000084200000| Untracked 
|  67|0x0000000084300000, 0x0000000084400000, 0x0000000084400000|100%|HS|  |TAMS 0x0000000084400000, 0x0000000084300000| Complete 
|  68|0x0000000084400000, 0x0000000084500000, 0x0000000084500000|100%| O|  |TAMS 0x0000000084500000, 0x0000000084400000| Untracked 
|  69|0x0000000084500000, 0x0000000084600000, 0x0000000084600000|100%| O|  |TAMS 0x0000000084600000, 0x0000000084500000| Untracked 
|  70|0x0000000084600000, 0x0000000084700000, 0x0000000084700000|100%| O|  |TAMS 0x0000000084700000, 0x0000000084600000| Untracked 
|  71|0x0000000084700000, 0x0000000084800000, 0x0000000084800000|100%| O|  |TAMS 0x0000000084800000, 0x0000000084700000| Untracked 
|  72|0x0000000084800000, 0x0000000084900000, 0x0000000084900000|100%| O|  |TAMS 0x0000000084900000, 0x0000000084800000| Untracked 
|  73|0x0000000084900000, 0x0000000084a00000, 0x0000000084a00000|100%| O|  |TAMS 0x0000000084a00000, 0x0000000084900000| Untracked 
|  74|0x0000000084a00000, 0x0000000084b00000, 0x0000000084b00000|100%|HS|  |TAMS 0x0000000084b00000, 0x0000000084a00000| Complete 
|  75|0x0000000084b00000, 0x0000000084c00000, 0x0000000084c00000|100%|HC|  |TAMS 0x0000000084c00000, 0x0000000084b00000| Complete 
|  76|0x0000000084c00000, 0x0000000084d00000, 0x0000000084d00000|100%|HS|  |TAMS 0x0000000084d00000, 0x0000000084c00000| Complete 
|  77|0x0000000084d00000, 0x0000000084e00000, 0x0000000084e00000|100%| O|  |TAMS 0x0000000084e00000, 0x0000000084d00000| Untracked 
|  78|0x0000000084e00000, 0x0000000084f00000, 0x0000000084f00000|100%|HS|  |TAMS 0x0000000084f00000, 0x0000000084e00000| Complete 
|  79|0x0000000084f00000, 0x0000000085000000, 0x0000000085000000|100%| O|  |TAMS 0x0000000085000000, 0x0000000084f00000| Untracked 
|  80|0x0000000085000000, 0x0000000085100000, 0x0000000085100000|100%|HS|  |TAMS 0x0000000085100000, 0x0000000085000000| Complete 
|  81|0x0000000085100000, 0x0000000085200000, 0x0000000085200000|100%| O|  |TAMS 0x0000000085200000, 0x0000000085100000| Untracked 
|  82|0x0000000085200000, 0x0000000085300000, 0x0000000085300000|100%| O|  |TAMS 0x0000000085300000, 0x0000000085200000| Untracked 
|  83|0x0000000085300000, 0x0000000085400000, 0x0000000085400000|100%|HS|  |TAMS 0x0000000085400000, 0x0000000085300000| Complete 
|  84|0x0000000085400000, 0x0000000085500000, 0x0000000085500000|100%|HC|  |TAMS 0x0000000085500000, 0x0000000085400000| Complete 
|  85|0x0000000085500000, 0x0000000085600000, 0x0000000085600000|100%| O|  |TAMS 0x0000000085600000, 0x0000000085500000| Untracked 
|  86|0x0000000085600000, 0x0000000085700000, 0x0000000085700000|100%| O|  |TAMS 0x0000000085700000, 0x0000000085600000| Untracked 
|  87|0x0000000085700000, 0x0000000085800000, 0x0000000085800000|100%| O|  |TAMS 0x0000000085800000, 0x0000000085700000| Untracked 
|  88|0x0000000085800000, 0x0000000085900000, 0x0000000085900000|100%| O|  |TAMS 0x0000000085900000, 0x0000000085800000| Untracked 
|  89|0x0000000085900000, 0x0000000085a00000, 0x0000000085a00000|100%| O|  |TAMS 0x0000000085a00000, 0x0000000085900000| Untracked 
|  90|0x0000000085a00000, 0x0000000085b00000, 0x0000000085b00000|100%| O|  |TAMS 0x0000000085b00000, 0x0000000085a00000| Untracked 
|  91|0x0000000085b00000, 0x0000000085c00000, 0x0000000085c00000|100%| O|  |TAMS 0x0000000085bf9000, 0x0000000085b00000| Untracked 
|  92|0x0000000085c00000, 0x0000000085d00000, 0x0000000085d00000|100%| O|  |TAMS 0x0000000085c00000, 0x0000000085c00000| Untracked 
|  93|0x0000000085d00000, 0x0000000085e00000, 0x0000000085e00000|100%| O|  |TAMS 0x0000000085d00000, 0x0000000085d00000| Untracked 
|  94|0x0000000085e00000, 0x0000000085f00000, 0x0000000085f00000|100%| O|  |TAMS 0x0000000085e00000, 0x0000000085e00000| Untracked 
|  95|0x0000000085f00000, 0x0000000086000000, 0x0000000086000000|100%| O|  |TAMS 0x0000000085f00000, 0x0000000085f00000| Untracked 
|  96|0x0000000086000000, 0x0000000086100000, 0x0000000086100000|100%| O|  |TAMS 0x0000000086000000, 0x0000000086000000| Untracked 
|  97|0x0000000086100000, 0x0000000086200000, 0x0000000086200000|100%| O|  |TAMS 0x0000000086100000, 0x0000000086100000| Untracked 
|  98|0x0000000086200000, 0x0000000086288c00, 0x0000000086300000| 53%| O|  |TAMS 0x0000000086200000, 0x0000000086200000| Untracked 
|  99|0x0000000086300000, 0x0000000086300000, 0x0000000086400000|  0%| F|  |TAMS 0x0000000086300000, 0x0000000086300000| Untracked 
| 100|0x0000000086400000, 0x0000000086400000, 0x0000000086500000|  0%| F|  |TAMS 0x0000000086400000, 0x0000000086400000| Untracked 
| 101|0x0000000086500000, 0x0000000086500000, 0x0000000086600000|  0%| F|  |TAMS 0x0000000086500000, 0x0000000086500000| Untracked 
| 102|0x0000000086600000, 0x0000000086600000, 0x0000000086700000|  0%| F|  |TAMS 0x0000000086600000, 0x0000000086600000| Untracked 
| 103|0x0000000086700000, 0x0000000086700000, 0x0000000086800000|  0%| F|  |TAMS 0x0000000086700000, 0x0000000086700000| Untracked 
| 104|0x0000000086800000, 0x0000000086800000, 0x0000000086900000|  0%| F|  |TAMS 0x0000000086800000, 0x0000000086800000| Untracked 
| 105|0x0000000086900000, 0x0000000086900000, 0x0000000086a00000|  0%| F|  |TAMS 0x0000000086900000, 0x0000000086900000| Untracked 
| 106|0x0000000086a00000, 0x0000000086a00000, 0x0000000086b00000|  0%| F|  |TAMS 0x0000000086a00000, 0x0000000086a00000| Untracked 
| 107|0x0000000086b00000, 0x0000000086b00000, 0x0000000086c00000|  0%| F|  |TAMS 0x0000000086b00000, 0x0000000086b00000| Untracked 
| 108|0x0000000086c00000, 0x0000000086c00000, 0x0000000086d00000|  0%| F|  |TAMS 0x0000000086c00000, 0x0000000086c00000| Untracked 
| 109|0x0000000086d00000, 0x0000000086d00000, 0x0000000086e00000|  0%| F|  |TAMS 0x0000000086d00000, 0x0000000086d00000| Untracked 
| 110|0x0000000086e00000, 0x0000000086e00000, 0x0000000086f00000|  0%| F|  |TAMS 0x0000000086e00000, 0x0000000086e00000| Untracked 
| 111|0x0000000086f00000, 0x0000000086f00000, 0x0000000087000000|  0%| F|  |TAMS 0x0000000086f00000, 0x0000000086f00000| Untracked 
| 112|0x0000000087000000, 0x0000000087000000, 0x0000000087100000|  0%| F|  |TAMS 0x0000000087000000, 0x0000000087000000| Untracked 
| 113|0x0000000087100000, 0x0000000087100000, 0x0000000087200000|  0%| F|  |TAMS 0x0000000087100000, 0x0000000087100000| Untracked 
| 114|0x0000000087200000, 0x0000000087200000, 0x0000000087300000|  0%| F|  |TAMS 0x0000000087200000, 0x0000000087200000| Untracked 
| 115|0x0000000087300000, 0x0000000087300000, 0x0000000087400000|  0%| F|  |TAMS 0x0000000087300000, 0x0000000087300000| Untracked 
| 116|0x0000000087400000, 0x0000000087400000, 0x0000000087500000|  0%| F|  |TAMS 0x0000000087400000, 0x0000000087400000| Untracked 
| 117|0x0000000087500000, 0x0000000087500000, 0x0000000087600000|  0%| F|  |TAMS 0x0000000087500000, 0x0000000087500000| Untracked 
| 118|0x0000000087600000, 0x0000000087600000, 0x0000000087700000|  0%| F|  |TAMS 0x0000000087600000, 0x0000000087600000| Untracked 
| 119|0x0000000087700000, 0x0000000087700000, 0x0000000087800000|  0%| F|  |TAMS 0x0000000087700000, 0x0000000087700000| Untracked 
| 120|0x0000000087800000, 0x0000000087800000, 0x0000000087900000|  0%| F|  |TAMS 0x0000000087800000, 0x0000000087800000| Untracked 
| 121|0x0000000087900000, 0x0000000087a00000, 0x0000000087a00000|100%| S|CS|TAMS 0x0000000087900000, 0x0000000087900000| Complete 
| 122|0x0000000087a00000, 0x0000000087a00000, 0x0000000087b00000|  0%| F|  |TAMS 0x0000000087a00000, 0x0000000087a00000| Untracked 
| 123|0x0000000087b00000, 0x0000000087b00000, 0x0000000087c00000|  0%| F|  |TAMS 0x0000000087b00000, 0x0000000087b00000| Untracked 
| 124|0x0000000087c00000, 0x0000000087cbf6b0, 0x0000000087d00000| 74%| E|  |TAMS 0x0000000087c00000, 0x0000000087c00000| Complete 
| 125|0x0000000087d00000, 0x0000000087e00000, 0x0000000087e00000|100%| E|CS|TAMS 0x0000000087d00000, 0x0000000087d00000| Complete 

Card table byte_map: [0x00000174d69d0000,0x00000174d6dd0000] _byte_map_base: 0x00000174d65d0000

Marking Bits (Prev, Next): (CMBitMap*) 0x00000174c3962728, (CMBitMap*) 0x00000174c3962760
 Prev Bits: [0x00000174d71d0000, 0x00000174d91d0000)
 Next Bits: [0x00000174d91d0000, 0x00000174db1d0000)

Polling page: 0x00000174c18c0000

Metaspace:

Usage:
  Non-class:     76.49 MB capacity,    75.08 MB ( 98%) used,     1.19 MB (  2%) free+waste,   220.50 KB ( <1%) overhead. 
      Class:     11.96 MB capacity,    11.24 MB ( 94%) used,   642.00 KB (  5%) free+waste,    99.38 KB ( <1%) overhead. 
       Both:     88.45 MB capacity,    86.32 MB ( 98%) used,     1.82 MB (  2%) free+waste,   319.88 KB ( <1%) overhead. 

Virtual space:
  Non-class space:       78.00 MB reserved,      76.70 MB ( 98%) committed 
      Class space:        1.00 GB reserved,      12.00 MB (  1%) committed 
             Both:        1.08 GB reserved,      88.70 MB (  8%) committed 

Chunk freelists:
   Non-Class:  27.00 KB
       Class:  9.00 KB
        Both:  36.00 KB

MaxMetaspaceSize: 17179869184.00 GB
CompressedClassSpaceSize: 1.00 GB

CodeHeap 'non-profiled nmethods': size=120000Kb used=5811Kb max_used=5811Kb free=114189Kb
 bounds [0x00000174ced70000, 0x00000174cf320000, 0x00000174d62a0000]
CodeHeap 'profiled nmethods': size=120000Kb used=22526Kb max_used=22526Kb free=97473Kb
 bounds [0x00000174c7840000, 0x00000174c8e50000, 0x00000174ced70000]
CodeHeap 'non-nmethods': size=5760Kb used=2274Kb max_used=2306Kb free=3485Kb
 bounds [0x00000174c72a0000, 0x00000174c7510000, 0x00000174c7840000]
 total_blobs=11086 nmethods=10216 adapters=781
 compilation: enabled
              stopped_count=0, restarted_count=0
 full_count=0

Compilation events (20 events):
Event: 122.826 Thread 0x00000174de5ba000 nmethod 10398 0x00000174cf318390 code [0x00000174cf318520, 0x00000174cf318b18]
Event: 122.826 Thread 0x00000174de5ba000 10400       4       com.google.common.cache.LocalCache$Segment::evictEntries (106 bytes)
Event: 122.827 Thread 0x00000174de5ba000 nmethod 10400 0x00000174cf318c90 code [0x00000174cf318e40, 0x00000174cf318fa8]
Event: 122.827 Thread 0x00000174de5ba000 10399       4       org.gradle.internal.snapshot.impl.AbstractScalarValueSnapshot::equals (41 bytes)
Event: 122.830 Thread 0x00000174de5ba000 nmethod 10399 0x00000174cf319190 code [0x00000174cf319340, 0x00000174cf319618]
Event: 122.830 Thread 0x00000174de5ba000 10396       4       org.gradle.api.internal.file.FileCollectionStructureVisitor::prepareForVisit (4 bytes)
Event: 122.830 Thread 0x00000174de5ba000 nmethod 10396 0x00000174cf319810 code [0x00000174cf3199a0, 0x00000174cf319a18]
Event: 122.831 Thread 0x00000174de5be000 10401       3       com.google.common.cache.LocalCache$Segment::cleanUp (21 bytes)
Event: 122.832 Thread 0x00000174de5ba000 10402       4       org.gradle.internal.io.RandomAccessFileInputStream::read (11 bytes)
Event: 122.832 Thread 0x00000174de5be000 nmethod 10401 0x00000174c8dbda10 code [0x00000174c8dbdc20, 0x00000174c8dbe0e8]
Event: 122.832 Thread 0x00000174de5ba000 nmethod 10402 0x00000174cf319a90 code [0x00000174cf319c40, 0x00000174cf319ce8]
Event: 122.832 Thread 0x00000174de5ba000 10403       4       java.util.concurrent.TimeUnit::convert (77 bytes)
Event: 122.833 Thread 0x00000174de5ba000 nmethod 10403 0x00000174cf319e10 code [0x00000174cf319fc0, 0x00000174cf31a148]
Event: 122.834 Thread 0x00000174de5ba000 10404   !   4       java.nio.file.FileTreeWalker::next (144 bytes)
Event: 124.179 Thread 0x00000174de5be000 10409       1       java.lang.management.DefaultPlatformMBeanProvider$10::mbeanInterfaceNames (5 bytes)
Event: 124.179 Thread 0x00000174de5be000 nmethod 10409 0x00000174cf31a310 code [0x00000174cf31a4c0, 0x00000174cf31a578]
Event: 124.179 Thread 0x00000174de5be000 10410       1       com.sun.management.internal.PlatformMBeanProviderImpl$4::mbeanInterfaceNames (5 bytes)
Event: 124.179 Thread 0x00000174de5be000 nmethod 10410 0x00000174cf31a610 code [0x00000174cf31a7c0, 0x00000174cf31a878]
Event: 124.235 Thread 0x00000174de5be000 10411   !   3       com.google.common.cache.LocalCache$Segment::get (210 bytes)
Event: 124.237 Thread 0x00000174de5be000 nmethod 10411 0x00000174c8dbe310 code [0x00000174c8dbe820, 0x00000174c8dc10b8]

GC Heap History (20 events):
Event: 67.315 GC heap before
{Heap before GC invocations=19 (full 0):
 garbage-first heap   total 129024K, used 97593K [0x0000000080000000, 0x0000000100000000)
  region size 1024K, 21 young (21504K), 3 survivors (3072K)
 Metaspace       used 78881K, capacity 80803K, committed 80972K, reserved 1120256K
  class space    used 10179K, capacity 10851K, committed 10880K, reserved 1048576K
}
Event: 67.339 GC heap after
{Heap after GC invocations=20 (full 0):
 garbage-first heap   total 129024K, used 71680K [0x0000000080000000, 0x0000000100000000)
  region size 1024K, 2 young (2048K), 2 survivors (2048K)
 Metaspace       used 78881K, capacity 80803K, committed 80972K, reserved 1120256K
  class space    used 10179K, capacity 10851K, committed 10880K, reserved 1048576K
}
Event: 76.157 GC heap before
{Heap before GC invocations=20 (full 0):
 garbage-first heap   total 129024K, used 92160K [0x0000000080000000, 0x0000000100000000)
  region size 1024K, 23 young (23552K), 2 survivors (2048K)
 Metaspace       used 79813K, capacity 81742K, committed 81868K, reserved 1120256K
  class space    used 10280K, capacity 10940K, committed 11008K, reserved 1048576K
}
Event: 76.181 GC heap after
{Heap after GC invocations=21 (full 0):
 garbage-first heap   total 129024K, used 72338K [0x0000000080000000, 0x0000000100000000)
  region size 1024K, 2 young (2048K), 2 survivors (2048K)
 Metaspace       used 79813K, capacity 81742K, committed 81868K, reserved 1120256K
  class space    used 10280K, capacity 10940K, committed 11008K, reserved 1048576K
}
Event: 77.413 GC heap before
{Heap before GC invocations=22 (full 0):
 garbage-first heap   total 129024K, used 93842K [0x0000000080000000, 0x0000000100000000)
  region size 1024K, 24 young (24576K), 2 survivors (2048K)
 Metaspace       used 81881K, capacity 83819K, committed 84172K, reserved 1122304K
  class space    used 10541K, capacity 11226K, committed 11264K, reserved 1048576K
}
Event: 77.416 GC heap after
{Heap after GC invocations=23 (full 0):
 garbage-first heap   total 129024K, used 72522K [0x0000000080000000, 0x0000000100000000)
  region size 1024K, 2 young (2048K), 2 survivors (2048K)
 Metaspace       used 81881K, capacity 83819K, committed 84172K, reserved 1122304K
  class space    used 10541K, capacity 11226K, committed 11264K, reserved 1048576K
}
Event: 77.485 GC heap before
{Heap before GC invocations=23 (full 0):
 garbage-first heap   total 129024K, used 76618K [0x0000000080000000, 0x0000000100000000)
  region size 1024K, 6 young (6144K), 2 survivors (2048K)
 Metaspace       used 82278K, capacity 84203K, committed 84556K, reserved 1122304K
  class space    used 10594K, capacity 11290K, committed 11392K, reserved 1048576K
}
Event: 77.490 GC heap after
{Heap after GC invocations=24 (full 0):
 garbage-first heap   total 129024K, used 68325K [0x0000000080000000, 0x0000000100000000)
  region size 1024K, 1 young (1024K), 1 survivors (1024K)
 Metaspace       used 82278K, capacity 84203K, committed 84556K, reserved 1122304K
  class space    used 10594K, capacity 11290K, committed 11392K, reserved 1048576K
}
Event: 87.467 GC heap before
{Heap before GC invocations=24 (full 0):
 garbage-first heap   total 129024K, used 94949K [0x0000000080000000, 0x0000000100000000)
  region size 1024K, 28 young (28672K), 1 survivors (1024K)
 Metaspace       used 83583K, capacity 85645K, committed 85964K, reserved 1124352K
  class space    used 10741K, capacity 11465K, committed 11520K, reserved 1048576K
}
Event: 87.473 GC heap after
{Heap after GC invocations=25 (full 0):
 garbage-first heap   total 129024K, used 70684K [0x0000000080000000, 0x0000000100000000)
  region size 1024K, 3 young (3072K), 3 survivors (3072K)
 Metaspace       used 83583K, capacity 85645K, committed 85964K, reserved 1124352K
  class space    used 10741K, capacity 11465K, committed 11520K, reserved 1048576K
}
Event: 100.545 GC heap before
{Heap before GC invocations=26 (full 0):
 garbage-first heap   total 129024K, used 96284K [0x0000000080000000, 0x0000000100000000)
  region size 1024K, 30 young (30720K), 3 survivors (3072K)
 Metaspace       used 83739K, capacity 85819K, committed 85964K, reserved 1124352K
  class space    used 10750K, capacity 11472K, committed 11520K, reserved 1048576K
}
Event: 100.550 GC heap after
{Heap after GC invocations=27 (full 0):
 garbage-first heap   total 129024K, used 71008K [0x0000000080000000, 0x0000000100000000)
  region size 1024K, 2 young (2048K), 2 survivors (2048K)
 Metaspace       used 83739K, capacity 85819K, committed 85964K, reserved 1124352K
  class space    used 10750K, capacity 11472K, committed 11520K, reserved 1048576K
}
Event: 100.731 GC heap before
{Heap before GC invocations=27 (full 0):
 garbage-first heap   total 129024K, used 75104K [0x0000000080000000, 0x0000000100000000)
  region size 1024K, 6 young (6144K), 2 survivors (2048K)
 Metaspace       used 83759K, capacity 85819K, committed 85964K, reserved 1124352K
  class space    used 10753K, capacity 11472K, committed 11520K, reserved 1048576K
}
Event: 100.734 GC heap after
{Heap after GC invocations=28 (full 0):
 garbage-first heap   total 129024K, used 68137K [0x0000000080000000, 0x0000000100000000)
  region size 1024K, 1 young (1024K), 1 survivors (1024K)
 Metaspace       used 83759K, capacity 85819K, committed 85964K, reserved 1124352K
  class space    used 10753K, capacity 11472K, committed 11520K, reserved 1048576K
}
Event: 118.657 GC heap before
{Heap before GC invocations=28 (full 0):
 garbage-first heap   total 129024K, used 84521K [0x0000000080000000, 0x0000000100000000)
  region size 1024K, 19 young (19456K), 1 survivors (1024K)
 Metaspace       used 84091K, capacity 86141K, committed 86220K, reserved 1124352K
  class space    used 10786K, capacity 11483K, committed 11520K, reserved 1048576K
}
Event: 118.660 GC heap after
{Heap after GC invocations=29 (full 0):
 garbage-first heap   total 129024K, used 68525K [0x0000000080000000, 0x0000000100000000)
  region size 1024K, 1 young (1024K), 1 survivors (1024K)
 Metaspace       used 84091K, capacity 86141K, committed 86220K, reserved 1124352K
  class space    used 10786K, capacity 11483K, committed 11520K, reserved 1048576K
}
Event: 119.379 GC heap before
{Heap before GC invocations=30 (full 0):
 garbage-first heap   total 129024K, used 69549K [0x0000000080000000, 0x0000000100000000)
  region size 1024K, 2 young (2048K), 1 survivors (1024K)
 Metaspace       used 84103K, capacity 86153K, committed 86220K, reserved 1124352K
  class space    used 10787K, capacity 11485K, committed 11520K, reserved 1048576K
}
Event: 119.381 GC heap after
{Heap after GC invocations=31 (full 0):
 garbage-first heap   total 129024K, used 69677K [0x0000000080000000, 0x0000000100000000)
  region size 1024K, 1 young (1024K), 1 survivors (1024K)
 Metaspace       used 84103K, capacity 86153K, committed 86220K, reserved 1124352K
  class space    used 10787K, capacity 11485K, committed 11520K, reserved 1048576K
}
Event: 122.731 GC heap before
{Heap before GC invocations=32 (full 0):
 garbage-first heap   total 129024K, used 72749K [0x0000000080000000, 0x0000000100000000)
  region size 1024K, 5 young (5120K), 1 survivors (1024K)
 Metaspace       used 84160K, capacity 86213K, committed 86476K, reserved 1124352K
  class space    used 10793K, capacity 11495K, committed 11520K, reserved 1048576K
}
Event: 122.733 GC heap after
{Heap after GC invocations=33 (full 0):
 garbage-first heap   total 129024K, used 73178K [0x0000000080000000, 0x0000000100000000)
  region size 1024K, 3 young (3072K), 3 survivors (3072K)
 Metaspace       used 84160K, capacity 86213K, committed 86476K, reserved 1124352K
  class space    used 10793K, capacity 11495K, committed 11520K, reserved 1048576K
}

Deoptimization events (20 events):
Event: 118.687 Thread 0x00000174df3ec000 Uncommon trap: trap_request=0xffffffde fr.pc=0x00000174cf24a180 relative=0x0000000000000140
Event: 118.687 Thread 0x00000174df3ec000 Uncommon trap: reason=class_check action=maybe_recompile pc=0x00000174cf24a180 method=org.apache.xerces.dom.ElementImpl.getTagName()Ljava/lang/String; @ 8 c2
Event: 118.687 Thread 0x00000174df3ec000 DEOPT PACKING pc=0x00000174cf24a180 sp=0x00000048002fdae0
Event: 118.687 Thread 0x00000174df3ec000 DEOPT UNPACKING pc=0x00000174c72c74af sp=0x00000048002fdaa0 mode 2
Event: 122.633 Thread 0x00000174e40fc000 Uncommon trap: trap_request=0xffffff4d fr.pc=0x00000174cf2a7c74 relative=0x00000000000013d4
Event: 122.633 Thread 0x00000174e40fc000 Uncommon trap: reason=unstable_if action=reinterpret pc=0x00000174cf2a7c74 method=com.google.common.collect.MapMakerInternalMap$Segment.getEntry(Ljava/lang/Object;I)Lcom/google/common/collect/MapMakerInternalMap$InternalEntry; @ 40 c2
Event: 122.633 Thread 0x00000174e40fc000 DEOPT PACKING pc=0x00000174cf2a7c74 sp=0x0000004803bfdcb0
Event: 122.633 Thread 0x00000174e40fc000 DEOPT UNPACKING pc=0x00000174c72c74af sp=0x0000004803bfdbf0 mode 2
Event: 122.730 Thread 0x00000174df3f2800 Uncommon trap: trap_request=0xffffffd6 fr.pc=0x00000174cf2f17e8 relative=0x00000000000007a8
Event: 122.730 Thread 0x00000174df3f2800 Uncommon trap: reason=array_check action=maybe_recompile pc=0x00000174cf2f17e8 method=java.util.TimSort.binarySort([Ljava/lang/Object;IIILjava/util/Comparator;)V @ 193 c2
Event: 122.730 Thread 0x00000174df3f2800 DEOPT PACKING pc=0x00000174cf2f17e8 sp=0x00000048035fa810
Event: 122.730 Thread 0x00000174df3f2800 DEOPT UNPACKING pc=0x00000174c72c74af sp=0x00000048035fa7b8 mode 2
Event: 122.733 Thread 0x00000174df3f2800 Uncommon trap: trap_request=0xffffffd6 fr.pc=0x00000174cf2f17e8 relative=0x00000000000007a8
Event: 122.733 Thread 0x00000174df3f2800 Uncommon trap: reason=array_check action=maybe_recompile pc=0x00000174cf2f17e8 method=java.util.TimSort.binarySort([Ljava/lang/Object;IIILjava/util/Comparator;)V @ 193 c2
Event: 122.733 Thread 0x00000174df3f2800 DEOPT PACKING pc=0x00000174cf2f17e8 sp=0x00000048035fa530
Event: 122.733 Thread 0x00000174df3f2800 DEOPT UNPACKING pc=0x00000174c72c74af sp=0x00000048035fa4d8 mode 2
Event: 123.014 Thread 0x00000174e2a6e000 Uncommon trap: trap_request=0xffffff4d fr.pc=0x00000174cf2db61c relative=0x000000000000123c
Event: 123.014 Thread 0x00000174e2a6e000 Uncommon trap: reason=unstable_if action=reinterpret pc=0x00000174cf2db61c method=java.util.concurrent.ConcurrentLinkedQueue.offer(Ljava/lang/Object;)Z @ 42 c2
Event: 123.014 Thread 0x00000174e2a6e000 DEOPT PACKING pc=0x00000174cf2db61c sp=0x000000487c9fb7f0
Event: 123.014 Thread 0x00000174e2a6e000 DEOPT UNPACKING pc=0x00000174c72c74af sp=0x000000487c9fb640 mode 2

Classes redefined (0 events):
No events

Internal exceptions (20 events):
Event: 52.827 Thread 0x00000174e2a70800 Implicit null exception at 0x00000174cf17f8d2 to 0x00000174cf17fcd8
Event: 57.629 Thread 0x00000174df3f8000 Exception <a 'java/lang/NoSuchMethodError'{0x0000000086905d88}: 'java.lang.Object java.lang.invoke.DirectMethodHandle$Holder.invokeSpecial(java.lang.Object, java.lang.Object, int, java.lang.Object, java.lang.Object)'> (0x0000000086905d88) thrown at [./src/hotspot/share/interpreter/linkResolver.cpp, line 773]
Event: 57.629 Thread 0x00000174df3f8000 Exception <a 'java/lang/NoSuchMethodError'{0x000000008690e318}: 'java.lang.Object java.lang.invoke.DirectMethodHandle$Holder.invokeStatic(java.lang.Object, java.lang.Object, int, java.lang.Object)'> (0x000000008690e318) thrown at [./src/hotspot/share/interpreter/linkResolver.cpp, line 773]
Event: 57.630 Thread 0x00000174df3f8000 Exception <a 'java/lang/NoSuchMethodError'{0x0000000086912010}: 'java.lang.Object java.lang.invoke.Invokers$Holder.linkToTargetMethod(java.lang.Object, int, java.lang.Object, java.lang.Object)'> (0x0000000086912010) thrown at [./src/hotspot/share/interpreter/linkResolver.cpp, line 773]
Event: 57.633 Thread 0x00000174df3f8000 Exception <a 'java/lang/NoSuchMethodError'{0x00000000869298c8}: 'void java.lang.invoke.DirectMethodHandle$Holder.invokeVirtual(java.lang.Object, java.lang.Object)'> (0x00000000869298c8) thrown at [./src/hotspot/share/interpreter/linkResolver.cpp, line 773]
Event: 59.273 Thread 0x00000174df3f8000 Exception <a 'java/lang/NoSuchMethodError'{0x0000000087ced110}: <clinit>> (0x0000000087ced110) thrown at [./src/hotspot/share/prims/jni.cpp, line 1362]
Event: 59.283 Thread 0x00000174df3f8000 Exception <a 'java/lang/NoSuchMethodError'{0x0000000087b57ee0}: <clinit>> (0x0000000087b57ee0) thrown at [./src/hotspot/share/prims/jni.cpp, line 1362]
Event: 59.344 Thread 0x00000174df3f2800 Exception <a 'java/lang/NoSuchMethodError'{0x0000000087646ba0}: <clinit>> (0x0000000087646ba0) thrown at [./src/hotspot/share/prims/jni.cpp, line 1362]
Event: 76.150 Thread 0x00000174df3f2800 Implicit null exception at 0x00000174cf029a14 to 0x00000174cf029fd8
Event: 85.404 Thread 0x00000174e2a72000 Implicit null exception at 0x00000174cf297151 to 0x00000174cf297910
Event: 85.404 Thread 0x00000174e2a6b800 Implicit null exception at 0x00000174cf297151 to 0x00000174cf297910
Event: 85.404 Thread 0x00000174e2a6e000 Implicit null exception at 0x00000174cf297151 to 0x00000174cf297910
Event: 87.333 Thread 0x00000174df3f8000 Exception <a 'java/lang/NoSuchMethodError'{0x000000008644ca28}: 'void java.lang.invoke.DirectMethodHandle$Holder.invokeStatic(java.lang.Object, java.lang.Object, java.lang.Object, java.lang.Object, int, java.lang.Object)'> (0x000000008644ca28) thrown at [./src/hotspot/share/interpreter/linkResolver.cpp, line 773]
Event: 93.957 Thread 0x00000174df3f8000 Exception <a 'sun/nio/fs/WindowsException'{0x0000000087378a60}> (0x0000000087378a60) thrown at [./src/hotspot/share/prims/jni.cpp, line 615]
Event: 93.958 Thread 0x00000174df3f8000 Exception <a 'sun/nio/fs/WindowsException'{0x0000000087379e80}> (0x0000000087379e80) thrown at [./src/hotspot/share/prims/jni.cpp, line 615]
Event: 122.730 Thread 0x00000174df3f2800 Exception <a 'java/lang/NoSuchMethodError'{0x00000000879ceae8}: <clinit>> (0x00000000879ceae8) thrown at [./src/hotspot/share/prims/jni.cpp, line 1362]
Event: 122.730 Thread 0x00000174df3f2800 Exception <a 'java/lang/NoSuchMethodError'{0x00000000879cfe08}: <clinit>> (0x00000000879cfe08) thrown at [./src/hotspot/share/prims/jni.cpp, line 1362]
Event: 122.733 Thread 0x00000174df3f2800 Exception <a 'java/lang/NoSuchMethodError'{0x0000000087d007e8}: <clinit>> (0x0000000087d007e8) thrown at [./src/hotspot/share/prims/jni.cpp, line 1362]
Event: 122.735 Thread 0x00000174df3f2800 Exception <a 'java/lang/NoSuchMethodError'{0x0000000087d173b0}: <clinit>> (0x0000000087d173b0) thrown at [./src/hotspot/share/prims/jni.cpp, line 1362]
Event: 122.735 Thread 0x00000174df3f2800 Exception <a 'java/lang/NoSuchMethodError'{0x0000000087d188d0}: <clinit>> (0x0000000087d188d0) thrown at [./src/hotspot/share/prims/jni.cpp, line 1362]

Events (20 events):
Event: 119.456 Executing VM operation: CGC_Operation done
Event: 121.417 Executing VM operation: RevokeBias
Event: 121.418 Executing VM operation: RevokeBias done
Event: 121.418 Thread 0x00000174df3ef000 Thread exited: 0x00000174df3ef000
Event: 122.728 loading class org/gradle/internal/fingerprint/overlap/OverlappingOutputs
Event: 122.728 loading class org/gradle/internal/fingerprint/overlap/OverlappingOutputs done
Event: 122.730 Executing VM operation: G1CollectForAllocation
Event: 122.733 Executing VM operation: G1CollectForAllocation done
Event: 122.740 Executing VM operation: RevokeBias
Event: 122.753 Executing VM operation: RevokeBias done
Event: 122.756 loading class org/gradle/api/internal/artifacts/ivyservice/clientmodule/ClientModuleResolver$ClientModuleComponentResolveMetadata
Event: 122.756 loading class org/gradle/api/internal/artifacts/ivyservice/clientmodule/ClientModuleResolver$ClientModuleComponentResolveMetadata done
Event: 122.758 loading class org/gradle/api/internal/artifacts/ivyservice/clientmodule/ClientModuleResolver$ClientModuleConfigurationMetadata
Event: 122.758 loading class org/gradle/api/internal/artifacts/ivyservice/clientmodule/ClientModuleResolver$ClientModuleConfigurationMetadata done
Event: 122.758 Executing VM operation: Deoptimize
Event: 122.759 Executing VM operation: Deoptimize done
Event: 122.797 Executing VM operation: CGC_Operation
Event: 122.802 Executing VM operation: CGC_Operation done
Event: 122.832 Executing VM operation: CGC_Operation
Event: 122.833 Executing VM operation: CGC_Operation done


Dynamic libraries:
0x00007ff7f7ff0000 - 0x00007ff7f7ffa000 	D:\android-studio\jre\bin\java.exe
0x00007ffd083d0000 - 0x00007ffd085c5000 	C:\WINDOWS\SYSTEM32\ntdll.dll
0x00007ffce1420000 - 0x00007ffce1435000 	C:\Program Files\AVAST Software\Avast\aswhook.dll
0x00007ffd06870000 - 0x00007ffd0692d000 	C:\WINDOWS\System32\KERNEL32.DLL
0x00007ffd05d20000 - 0x00007ffd05fe9000 	C:\WINDOWS\System32\KERNELBASE.dll
0x00007ffd06330000 - 0x00007ffd06430000 	C:\WINDOWS\System32\ucrtbase.dll
0x00007ffcf1c00000 - 0x00007ffcf1c19000 	D:\android-studio\jre\bin\jli.dll
0x00007ffd06460000 - 0x00007ffd06600000 	C:\WINDOWS\System32\USER32.dll
0x00007ffd06170000 - 0x00007ffd06192000 	C:\WINDOWS\System32\win32u.dll
0x00007ffd07730000 - 0x00007ffd0775a000 	C:\WINDOWS\System32\GDI32.dll
0x00007ffd05c10000 - 0x00007ffd05d1b000 	C:\WINDOWS\System32\gdi32full.dll
0x00007ffd05ff0000 - 0x00007ffd0608d000 	C:\WINDOWS\System32\msvcp_win.dll
0x00007ffcec5d0000 - 0x00007ffcec5e7000 	D:\android-studio\jre\bin\VCRUNTIME140.dll
0x00007ffcf41e0000 - 0x00007ffcf447a000 	C:\WINDOWS\WinSxS\amd64_microsoft.windows.common-controls_6595b64144ccf1df_6.0.19041.1110_none_60b5254171f9507e\COMCTL32.dll
0x00007ffd07760000 - 0x00007ffd077fe000 	C:\WINDOWS\System32\msvcrt.dll
0x00007ffd06430000 - 0x00007ffd06460000 	C:\WINDOWS\System32\IMM32.DLL
0x00007ffcd6c10000 - 0x00007ffcd6cad000 	D:\android-studio\jre\bin\msvcp140.dll
0x00007ffc8a650000 - 0x00007ffc8b10c000 	D:\android-studio\jre\bin\server\jvm.dll
0x00007ffd06ce0000 - 0x00007ffd06d8c000 	C:\WINDOWS\System32\ADVAPI32.dll
0x00007ffd07da0000 - 0x00007ffd07e3b000 	C:\WINDOWS\System32\sechost.dll
0x00007ffd06a60000 - 0x00007ffd06b8a000 	C:\WINDOWS\System32\RPCRT4.dll
0x00007ffd06600000 - 0x00007ffd06608000 	C:\WINDOWS\System32\PSAPI.DLL
0x00007ffcf4630000 - 0x00007ffcf4657000 	C:\WINDOWS\SYSTEM32\WINMM.dll
0x00007ffcff200000 - 0x00007ffcff20a000 	C:\WINDOWS\SYSTEM32\VERSION.dll
0x00007ffcf2510000 - 0x00007ffcf2519000 	C:\WINDOWS\SYSTEM32\WSOCK32.dll
0x00007ffd074e0000 - 0x00007ffd0754b000 	C:\WINDOWS\System32\WS2_32.dll
0x00007ffd03a10000 - 0x00007ffd03a22000 	C:\WINDOWS\SYSTEM32\kernel.appcore.dll
0x00007ffcff670000 - 0x00007ffcff681000 	D:\android-studio\jre\bin\verify.dll
0x00007ffcfb8e0000 - 0x00007ffcfbac4000 	C:\WINDOWS\SYSTEM32\DBGHELP.DLL
0x00007ffcfb1b0000 - 0x00007ffcfb1dc000 	C:\WINDOWS\SYSTEM32\dbgcore.DLL
0x00007ffd06090000 - 0x00007ffd06113000 	C:\WINDOWS\System32\bcryptPrimitives.dll
0x00007ffcfe790000 - 0x00007ffcfe7b9000 	D:\android-studio\jre\bin\java.dll
0x00007ffd02070000 - 0x00007ffd0207b000 	D:\android-studio\jre\bin\jimage.dll
0x00007ffcff5d0000 - 0x00007ffcff5e8000 	D:\android-studio\jre\bin\zip.dll
0x00007ffd06da0000 - 0x00007ffd074df000 	C:\WINDOWS\System32\SHELL32.dll
0x00007ffd03c10000 - 0x00007ffd043a0000 	C:\WINDOWS\SYSTEM32\windows.storage.dll
0x00007ffd07800000 - 0x00007ffd07b55000 	C:\WINDOWS\System32\combase.dll
0x00007ffd05560000 - 0x00007ffd0558c000 	C:\WINDOWS\SYSTEM32\Wldp.dll
0x00007ffd06c10000 - 0x00007ffd06cbe000 	C:\WINDOWS\System32\SHCORE.dll
0x00007ffd07bc0000 - 0x00007ffd07c15000 	C:\WINDOWS\System32\shlwapi.dll
0x00007ffd05a40000 - 0x00007ffd05a5f000 	C:\WINDOWS\SYSTEM32\profapi.dll
0x00007ffcfb300000 - 0x00007ffcfb31a000 	D:\android-studio\jre\bin\net.dll
0x00007ffcf49f0000 - 0x00007ffcf4af8000 	C:\WINDOWS\SYSTEM32\WINHTTP.dll
0x00007ffd052c0000 - 0x00007ffd0532a000 	C:\WINDOWS\system32\mswsock.dll
0x00007ffcfb190000 - 0x00007ffcfb1a4000 	D:\android-studio\jre\bin\nio.dll
0x00007ffcea180000 - 0x00007ffcea1a7000 	C:\Users\danie\.gradle\native\fdc75f09e3144964f2cf3f50f0aa648679c211496f362492102eb8c894070792\windows-amd64\native-platform.dll
0x00007ffcc6f90000 - 0x00007ffcc7126000 	C:\Users\danie\.gradle\native\12488b8bf47d2d4c9fbf2f6322a914ad602e24e48041cd04a747c6da556b65c4\windows-amd64\native-platform-file-events.dll
0x00007ffd02050000 - 0x00007ffd0205a000 	D:\android-studio\jre\bin\management.dll
0x00007ffd01870000 - 0x00007ffd0187c000 	D:\android-studio\jre\bin\management_ext.dll
0x00007ffd054c0000 - 0x00007ffd054d8000 	C:\WINDOWS\SYSTEM32\CRYPTSP.dll
0x00007ffd04bd0000 - 0x00007ffd04c04000 	C:\WINDOWS\system32\rsaenh.dll
0x00007ffd061a0000 - 0x00007ffd061c7000 	C:\WINDOWS\System32\bcrypt.dll
0x00007ffd05a00000 - 0x00007ffd05a2e000 	C:\WINDOWS\SYSTEM32\USERENV.dll
0x00007ffd054b0000 - 0x00007ffd054bc000 	C:\WINDOWS\SYSTEM32\CRYPTBASE.dll
0x00007ffd04f40000 - 0x00007ffd04f7b000 	C:\WINDOWS\SYSTEM32\IPHLPAPI.DLL
0x00007ffd07550000 - 0x00007ffd07558000 	C:\WINDOWS\System32\NSI.dll
0x00007ffcfd290000 - 0x00007ffcfd2a7000 	C:\WINDOWS\SYSTEM32\dhcpcsvc6.DLL
0x00007ffcfd580000 - 0x00007ffcfd59d000 	C:\WINDOWS\SYSTEM32\dhcpcsvc.DLL
0x00007ffd04f80000 - 0x00007ffd0504c000 	C:\WINDOWS\SYSTEM32\DNSAPI.dll
0x00007ffcfd930000 - 0x00007ffcfd93b000 	C:\WINDOWS\SYSTEM32\WINNSI.DLL

dbghelp: loaded successfully - version: 4.0.5 - missing functions: none
symbol engine: initialized successfully - sym options: 0x614 - pdb path: .;D:\android-studio\jre\bin;C:\WINDOWS\SYSTEM32;C:\Program Files\AVAST Software\Avast;C:\WINDOWS\WinSxS\amd64_microsoft.windows.common-controls_6595b64144ccf1df_6.0.19041.1110_none_60b5254171f9507e;D:\android-studio\jre\bin\server;C:\Users\danie\.gradle\native\fdc75f09e3144964f2cf3f50f0aa648679c211496f362492102eb8c894070792\windows-amd64;C:\Users\danie\.gradle\native\12488b8bf47d2d4c9fbf2f6322a914ad602e24e48041cd04a747c6da556b65c4\windows-amd64

VM Arguments:
jvm_args: --add-opens=java.base/java.util=ALL-UNNAMED --add-opens=java.base/java.lang=ALL-UNNAMED --add-opens=java.base/java.lang.invoke=ALL-UNNAMED --add-opens=java.prefs/java.util.prefs=ALL-UNNAMED -Xmx2048m -Dfile.encoding=windows-1252 -Duser.country=IE -Duser.language=en -Duser.variant 
java_command: org.gradle.launcher.daemon.bootstrap.GradleDaemon 6.7.1
java_class_path (initial): C:\Users\danie\.gradle\wrapper\dists\gradle-6.7.1-bin\bwlcbys1h7rz3272sye1xwiv6\gradle-6.7.1\lib\gradle-launcher-6.7.1.jar
Launcher Type: SUN_STANDARD

[Global flags]
     intx CICompilerCount                          = 4                                         {product} {ergonomic}
     uint ConcGCThreads                            = 2                                         {product} {ergonomic}
     uint G1ConcRefinementThreads                  = 8                                         {product} {ergonomic}
   size_t G1HeapRegionSize                         = 1048576                                   {product} {ergonomic}
    uintx GCDrainStackTargetSize                   = 64                                        {product} {ergonomic}
   size_t InitialHeapSize                          = 132120576                                 {product} {ergonomic}
   size_t MarkStackSize                            = 4194304                                   {product} {ergonomic}
   size_t MaxHeapSize                              = 2147483648                                {product} {command line}
   size_t MaxNewSize                               = 1287651328                                {product} {ergonomic}
   size_t MinHeapDeltaBytes                        = 1048576                                   {product} {ergonomic}
    uintx NonNMethodCodeHeapSize                   = 5836300                                {pd product} {ergonomic}
    uintx NonProfiledCodeHeapSize                  = 122910970                              {pd product} {ergonomic}
    uintx ProfiledCodeHeapSize                     = 122910970                              {pd product} {ergonomic}
    uintx ReservedCodeCacheSize                    = 251658240                              {pd product} {ergonomic}
     bool SegmentedCodeCache                       = true                                      {product} {ergonomic}
     bool UseCompressedClassPointers               = true                                 {lp64_product} {ergonomic}
     bool UseCompressedOops                        = true                                 {lp64_product} {ergonomic}
     bool UseG1GC                                  = true                                      {product} {ergonomic}
     bool UseLargePagesIndividualAllocation        = false                                  {pd product} {ergonomic}

Logging:
Log output configuration:
 #0: stdout all=warning uptime,level,tags
 #1: stderr all=off uptime,level,tags

Environment Variables:
PATH=C:\Program Files (x86)\Intel\Intel(R) Management Engine Components\iCLS\;C:\Program Files\Intel\Intel(R) Management Engine Components\iCLS\;C:\Windows\system32;C:\Windows;C:\Windows\System32\Wbem;C:\Windows\System32\WindowsPowerShell\v1.0\;C:\Windows\System32\OpenSSH\;C:\Program Files (x86)\Intel\Intel(R) Management Engine Components\DAL;C:\Program Files\Intel\Intel(R) Management Engine Components\DAL;C:\Program Files (x86)\Intel\Intel(R) Management Engine Components\IPT;C:\Program Files\Intel\Intel(R) Management Engine Components\IPT;C:\Program Files (x86)\NVIDIA Corporation\PhysX\Common;C:\WINDOWS\system32;C:\WINDOWS;C:\WINDOWS\System32\Wbem;C:\WINDOWS\System32\WindowsPowerShell\v1.0\;C:\WINDOWS\System32\OpenSSH\;C:\Program Files\Microsoft SQL Server\130\Tools\Binn\;C:\Program Files\Java\jdk-14.0.2\;C:\Program Files (x86)\HP\Common\HPDestPlgIn\;C:\Program Files (x86)\HP\IdrsOCR_15.2.10.1114\;C:\Program Files\Git\cmd;C:\Users\danie\AppData\Local\Programs\Python\Python39\Scripts\;C:\Users\danie\AppData\Local\Programs\Python\Python39\;C:\Users\danie\AppData\Local\Programs\Python\Python38-32\Scripts\;C:\Users\danie\AppData\Local\Programs\Python\Python38-32\;C:\Users\danie\AppData\Local\Microsoft\WindowsApps;C:\Users\danie\AppData\Local\GitHubDesktop\bin;C:\Users\danie\AppData\Local\Microsoft\WindowsApps;C:\Users\danie\OneDrive\Desktop\ffmpeg\ffmpeg-20200814-a762fd2-win64-static\bin;C:\Program Files (x86)\HP\Common\HPDestPlgIn\;D:\PyCharm Community Edition 2020.3.2\bin
USERNAME=danie
OS=Windows_NT
PROCESSOR_IDENTIFIER=Intel64 Family 6 Model 158 Stepping 10, GenuineIntel



---------------  S Y S T E M  ---------------

OS: Windows 10 , 64 bit Build 19041 (10.0.19041.1151)
OS uptime: 18 days 16:05 hours

CPU:total 8 (initial active 8) (4 cores per cpu, 2 threads per core) family 6 model 158 stepping 10, cmov, cx8, fxsr, mmx, sse, sse2, sse3, ssse3, sse4.1, sse4.2, popcnt, avx, avx2, aes, clmul, erms, 3dnowpref, lzcnt, ht, tsc, tscinvbit, bmi1, bmi2, adx, fma

Memory: 4k page, system-wide physical 8034M (282M free)
TotalPageFile size 19413M (AvailPageFile size 5M)
current process WorkingSet (physical memory assigned to process): 331M, peak: 348M
current process commit charge ("private bytes"): 391M, peak: 392M

vm_info: OpenJDK 64-Bit Server VM (11.0.8+10-b944.6842174) for windows-amd64 JRE (11.0.8+10-b944.6842174), built on Sep 19 2020 01:11:42 by "builder" with MS VC++ 14.0 (VS2015)

END.
